<?xml version="1.0" encoding="UTF-8"?>
<!-- Generated by org.testng.reporters.JUnitXMLReporter -->
<testsuite ignored="0" hostname="DESKTOP-LGUVR7P" failures="2" tests="2" name="Test" time="0.126" errors="0" timestamp="2021-10-22T16:45:57 IST">
  <testcase classname="assertpackage.assertDemo" name="Hardassetrt" time="0.02">
    <failure type="java.lang.AssertionError" message="expected [temple] but found [temple1]">
      <![CDATA[java.lang.AssertionError: expected [temple] but found [temple1]
at assertpackage.assertDemo.Hardassetrt(assertDemo.java:15)
at java.base/java.util.ArrayList.forEach(ArrayList.java:1511)
... Removed 32 stack frames]]>
    </failure>
  </testcase> <!-- Hardassetrt -->
  <testcase classname="assertpackage.assertDemo" name="softassertfun" time="0.009">
    <failure type="java.lang.AssertionError" message="The following asserts failed:
	expected [pune] but found [mumbai]">
      <![CDATA[java.lang.AssertionError: The following asserts failed:
expected [pune] but found [mumbai]
at assertpackage.assertDemo.softassertfun(assertDemo.java:30)
at java.base/java.util.ArrayList.forEach(ArrayList.java:1511)
... Removed 29 stack frames]]>
    </failure>
  </testcase> <!-- softassertfun -->
</testsuite> <!-- Test -->
